Change component parameters: Designator = "D2"; Footprint = "LED0603"; UniqueID = "\GTXOQYVO\AMWDCHMM"
Change component parameters. Clean all parameters for all variants
Change component parameters (AddParameter): Name = "Color"; Value = "Green"; VariantName = "[No Variations]"
Change component parameters (AddParameter): Name = "Manufacturer"; Value = ""; VariantName = "[No Variations]"
Change component parameters (AddParameter): Name = "Manufacturer Part Number"; Value = ""; VariantName = "[No Variations]"
Change component parameters (AddParameter): Name = "Package"; Value = "0603"; VariantName = "[No Variations]"
Change component parameters (AddParameter): Name = "Supplier 1"; Value = "LCSC"; VariantName = "[No Variations]"
Change component parameters (AddParameter): Name = "Supplier Part Number 1"; Value = "C125101"; VariantName = "[No Variations]"
Change component parameters: Designator = "D3"; Footprint = "LED0603"; UniqueID = "\GTXOQYVO\IRDHVCHN"
Change component parameters. Clean all parameters for all variants
Change component parameters (AddParameter): Name = "Color"; Value = "Green"; VariantName = "[No Variations]"
Change component parameters (AddParameter): Name = "Manufacturer"; Value = ""; VariantName = "[No Variations]"
Change component parameters (AddParameter): Name = "Manufacturer Part Number"; Value = ""; VariantName = "[No Variations]"
Change component parameters (AddParameter): Name = "Package"; Value = "0603"; VariantName = "[No Variations]"
Change component parameters (AddParameter): Name = "Supplier 1"; Value = "LCSC"; VariantName = "[No Variations]"
Change component parameters (AddParameter): Name = "Supplier Part Number 1"; Value = "C125101"; VariantName = "[No Variations]"
Change component parameters: Designator = "D4"; Footprint = "LED0603"; UniqueID = "\GTXOQYVO\RAYKGCDQ"
Change component parameters. Clean all parameters for all variants
Change component parameters (AddParameter): Name = "Color"; Value = "Green"; VariantName = "[No Variations]"
Change component parameters (AddParameter): Name = "Manufacturer"; Value = ""; VariantName = "[No Variations]"
Change component parameters (AddParameter): Name = "Manufacturer Part Number"; Value = ""; VariantName = "[No Variations]"
Change component parameters (AddParameter): Name = "Package"; Value = "0603"; VariantName = "[No Variations]"
Change component parameters (AddParameter): Name = "Supplier 1"; Value = "LCSC"; VariantName = "[No Variations]"
Change component parameters (AddParameter): Name = "Supplier Part Number 1"; Value = "C125101"; VariantName = "[No Variations]"
