Removed Member From Class: ClassName=Drivers Member=C11
Removed Member From Class: ClassName=Generador PWM Member=C12
Removed Member From Class: ClassName=Generador PWM Member=R3
Removed Member From Class: ClassName=ADC Member=R4
Removed Member From Class: ClassName=Generador PWM Member=R4
Removed Member From Class: ClassName=ADC Member=R12
Removed Member From Class: ClassName=ADC Member=R13
Removed Member From Class: ClassName=ADC Member=R14
Removed Member From Class: ClassName=ADC Member=R15
Removed Member From Class: ClassName=ADC Member=R19
Removed Member From Class: ClassName=Step-Down Member=R22
Removed Member From Class: ClassName=Step-Down Member=R23
Removed Member From Class: ClassName=Step-Down Member=R24
Change Component Description : Designator=Q1_1 Old Description=MOSFET N Channel 20V 8.7A 700mV @ 250uA 22mO @ 4.1A,4.5V SOIC-8_150mil RoHS New Description=MOSFET N Channel 20V 8.7A 700mV @ 250uA 22mO @ 4.1A,4.5V SOIC-8_150mil RoHS
Change Component Description : Designator=Q1_2 Old Description=MOSFET N Channel 20V 8.7A 700mV @ 250uA 22mO @ 4.1A,4.5V SOIC-8_150mil RoHS New Description=MOSFET N Channel 20V 8.7A 700mV @ 250uA 22mO @ 4.1A,4.5V SOIC-8_150mil RoHS
Change Component Description : Designator=Q1_3 Old Description=MOSFET N Channel 20V 8.7A 700mV @ 250uA 22mO @ 4.1A,4.5V SOIC-8_150mil RoHS New Description=MOSFET N Channel 20V 8.7A 700mV @ 250uA 22mO @ 4.1A,4.5V SOIC-8_150mil RoHS
Added Pin To Net: NetName=GND Pin=C1-1
Added Pin To Net: NetName=GND Pin=C9-2
Added Pin To Net: NetName=GND Pin=C10-1
Added Pin To Net: NetName=GND Pin=C11-1
Added Pin To Net: NetName=GND Pin=C12-1
Added Pin To Net: NetName=GND Pin=PWR_IN1-2
Added Pin To Net: NetName=GND Pin=Q1_1-1
Added Pin To Net: NetName=GND Pin=Q1_1-2
Added Pin To Net: NetName=GND Pin=Q1_1-3
Added Pin To Net: NetName=GND Pin=Q1_2-1
Added Pin To Net: NetName=GND Pin=Q1_2-2
Added Pin To Net: NetName=GND Pin=Q1_2-3
Added Pin To Net: NetName=GND Pin=Q1_3-1
Added Pin To Net: NetName=GND Pin=Q1_3-2
Added Pin To Net: NetName=GND Pin=Q1_3-3
Added Pin To Net: NetName=GND Pin=R6-1
Added Pin To Net: NetName=GND Pin=R7-1
Added Pin To Net: NetName=GND Pin=R16-1
Added Pin To Net: NetName=GND Pin=R17-1
Added Pin To Net: NetName=GND Pin=R21_1-1
Added Pin To Net: NetName=GND Pin=R21_2-1
Added Pin To Net: NetName=GND Pin=R21_3-1
Added Pin To Net: NetName=GND Pin=R23-1
Added Pin To Net: NetName=GND Pin=tp-PWR_IN1-2
Added Pin To Net: NetName=GND Pin=tp-RG>1-2
Added Pin To Net: NetName=GND Pin=U4-9
Added Pin To Net: NetName=GND Pin=U5-14
Added Pin To Net: NetName=GND Pin=U5-25
Added Member To Class: ClassName=Generador PWM Member=Component 1 TP
Added Member To Class: ClassName=Drivers Member=Component C9 Cap Semi
Added Member To Class: ClassName=Generador PWM Member=Component C10 Cap Semi
Added Member To Class: ClassName=Step-Down Member=Component R2 Res3
Added Member To Class: ClassName=Step-Down Member=Component R3 Res3
Added Member To Class: ClassName=Step-Down Member=Component R4 Res3
Added Member To Class: ClassName=Generador PWM Member=Component R8 Res3
Added Member To Class: ClassName=Generador PWM Member=Component R9 Res3
Added Member To Class: ClassName=Generador PWM Member=Component R17 Res3
Added Member To Class: ClassName=ADC Member=Component R22 Res3
Added Member To Class: ClassName=ADC Member=Component R23 Res3
Added Member To Class: ClassName=ADC Member=Component R24 Res3
Added Member To Class: ClassName=ADC Member=Component R25 Res3
Added Member To Class: ClassName=ADC Member=Component R26 Res3
Added Member To Class: ClassName=ADC Member=Component R27 Res3
