Removed Pin From Net: NetName=GND Pin=Q1_1-1
Removed Pin From Net: NetName=GND Pin=Q1_1-2
Removed Pin From Net: NetName=GND Pin=Q1_1-3
Removed Pin From Net: NetName=GND Pin=Q1_2-1
Removed Pin From Net: NetName=GND Pin=Q1_2-2
Removed Pin From Net: NetName=GND Pin=Q1_2-3
Removed Pin From Net: NetName=GND Pin=Q1_3-1
Removed Pin From Net: NetName=GND Pin=Q1_3-2
Removed Pin From Net: NetName=GND Pin=Q1_3-3
Removed Pin From Net: NetName=GND Pin=Q1_4-1
Removed Pin From Net: NetName=GND Pin=Q1_4-2
Removed Pin From Net: NetName=GND Pin=Q1_4-3
Removed Pin From Net: NetName=GND Pin=R21_4-1
Change Component Designator: OldDesignator=PWR_IN NewDesignator=PWR_IN1
Change Component Designator: OldDesignator=tp-3V3 NewDesignator=tp-2
Change Component Designator: OldDesignator=tp-5V NewDesignator=tp-1
Change Component Designator: OldDesignator=tp-PWR NewDesignator=tp-PWR_IN1
Added Component: Designator=Q1(SOIC8)
Add component (AddParameter): Name = "Manufacturer"; Value = "Infineon Technologies"; VariantName = "[No Variations]"
Add component (AddParameter): Name = "Manufacturer Part Number"; Value = "IRF7401TRPBF"; VariantName = "[No Variations]"
Add component (AddParameter): Name = "Package"; Value = "SO-8"; VariantName = "[No Variations]"
Add component (AddParameter): Name = "Supplier 1"; Value = "LCSC"; VariantName = "[No Variations]"
Add component (AddParameter): Name = "Supplier Part Number 1"; Value = "C169092"; VariantName = "[No Variations]"
Added Component: Designator=Q2(SOIC8)
Add component (AddParameter): Name = "Manufacturer"; Value = "Infineon Technologies"; VariantName = "[No Variations]"
Add component (AddParameter): Name = "Manufacturer Part Number"; Value = "IRF7401TRPBF"; VariantName = "[No Variations]"
Add component (AddParameter): Name = "Package"; Value = "SO-8"; VariantName = "[No Variations]"
Add component (AddParameter): Name = "Supplier 1"; Value = "LCSC"; VariantName = "[No Variations]"
Add component (AddParameter): Name = "Supplier Part Number 1"; Value = "C169092"; VariantName = "[No Variations]"
Added Component: Designator=Q3(SOIC8)
Add component (AddParameter): Name = "Manufacturer"; Value = "Infineon Technologies"; VariantName = "[No Variations]"
Add component (AddParameter): Name = "Manufacturer Part Number"; Value = "IRF7401TRPBF"; VariantName = "[No Variations]"
Add component (AddParameter): Name = "Package"; Value = "SO-8"; VariantName = "[No Variations]"
Add component (AddParameter): Name = "Supplier 1"; Value = "LCSC"; VariantName = "[No Variations]"
Add component (AddParameter): Name = "Supplier Part Number 1"; Value = "C169092"; VariantName = "[No Variations]"
Added Component: Designator=Q4(SOIC8)
Add component (AddParameter): Name = "Manufacturer"; Value = "Infineon Technologies"; VariantName = "[No Variations]"
Add component (AddParameter): Name = "Manufacturer Part Number"; Value = "IRF7401TRPBF"; VariantName = "[No Variations]"
Add component (AddParameter): Name = "Package"; Value = "SO-8"; VariantName = "[No Variations]"
Add component (AddParameter): Name = "Supplier 1"; Value = "LCSC"; VariantName = "[No Variations]"
Add component (AddParameter): Name = "Supplier Part Number 1"; Value = "C169092"; VariantName = "[No Variations]"
Added Component: Designator=R20(J1-0603)
Add component (AddParameter): Name = "LatestRevisionDate"; Value = "29-May-2009"; VariantName = "[No Variations]"
Add component (AddParameter): Name = "LatestRevisionNote"; Value = "IPC-7351 Footprint Added."; VariantName = "[No Variations]"
Add component (AddParameter): Name = "Manufacturer"; Value = "ROHM Semicon"; VariantName = "[No Variations]"
Add component (AddParameter): Name = "Manufacturer Part Number"; Value = "MCR03EZPFX1100"; VariantName = "[No Variations]"
Add component (AddParameter): Name = "PackageDescription"; Value = "Chip Resistor"; VariantName = "[No Variations]"
Add component (AddParameter): Name = "PackageReference"; Value = "J1-0603"; VariantName = "[No Variations]"
Add component (AddParameter): Name = "Published"; Value = "8-Jun-2000"; VariantName = "[No Variations]"
Add component (AddParameter): Name = "Publisher"; Value = "Altium Limited"; VariantName = "[No Variations]"
Add component (AddParameter): Name = "Supplier 1"; Value = "LCSC"; VariantName = "[No Variations]"
Add component (AddParameter): Name = "Supplier Part Number 1"; Value = "C308180"; VariantName = "[No Variations]"
Add component (AddParameter): Name = "Value"; Value = "110"; VariantName = "[No Variations]"
Added Component: Designator=R21(J1-0603)
Add component (AddParameter): Name = "LatestRevisionDate"; Value = "29-May-2009"; VariantName = "[No Variations]"
Add component (AddParameter): Name = "LatestRevisionNote"; Value = "IPC-7351 Footprint Added."; VariantName = "[No Variations]"
Add component (AddParameter): Name = "Manufacturer"; Value = "PANASONIC"; VariantName = "[No Variations]"
Add component (AddParameter): Name = "Manufacturer Part Number"; Value = "ERJPA3F1002V"; VariantName = "[No Variations]"
Add component (AddParameter): Name = "PackageDescription"; Value = "Chip Resistor"; VariantName = "[No Variations]"
Add component (AddParameter): Name = "PackageReference"; Value = "J1-0603"; VariantName = "[No Variations]"
Add component (AddParameter): Name = "Published"; Value = "8-Jun-2000"; VariantName = "[No Variations]"
Add component (AddParameter): Name = "Publisher"; Value = "Altium Limited"; VariantName = "[No Variations]"
Add component (AddParameter): Name = "Supplier 1"; Value = "LCSC"; VariantName = "[No Variations]"
Add component (AddParameter): Name = "Supplier Part Number 1"; Value = "C441927"; VariantName = "[No Variations]"
Add component (AddParameter): Name = "Value"; Value = "10K"; VariantName = "[No Variations]"
Added Pin To Net: NetName=GND Pin=Q1-1
Added Pin To Net: NetName=GND Pin=Q1-2
Added Pin To Net: NetName=GND Pin=Q1-3
Added Pin To Net: NetName=CH_2_aux Pin=Q1-5
Added Pin To Net: NetName=CH_2_aux Pin=Q1-6
Added Pin To Net: NetName=CH_2_aux Pin=Q1-7
Added Pin To Net: NetName=CH_2_aux Pin=Q1-8
Added Pin To Net: NetName=GND Pin=Q2-1
Added Pin To Net: NetName=GND Pin=Q2-2
Added Pin To Net: NetName=GND Pin=Q2-3
Added Pin To Net: NetName=CH_3_aux Pin=Q2-5
Added Pin To Net: NetName=CH_3_aux Pin=Q2-6
Added Pin To Net: NetName=CH_3_aux Pin=Q2-7
Added Pin To Net: NetName=CH_3_aux Pin=Q2-8
Added Pin To Net: NetName=GND Pin=Q3-1
Added Pin To Net: NetName=GND Pin=Q3-2
Added Pin To Net: NetName=GND Pin=Q3-3
Added Pin To Net: NetName=CH_4_aux Pin=Q3-5
Added Pin To Net: NetName=CH_4_aux Pin=Q3-6
Added Pin To Net: NetName=CH_4_aux Pin=Q3-7
Added Pin To Net: NetName=CH_4_aux Pin=Q3-8
Added Pin To Net: NetName=GND Pin=Q4-1
Added Pin To Net: NetName=GND Pin=Q4-2
Added Pin To Net: NetName=GND Pin=Q4-3
Added Pin To Net: NetName=CH_5_aux Pin=Q4-5
Added Pin To Net: NetName=CH_5_aux Pin=Q4-6
Added Pin To Net: NetName=CH_5_aux Pin=Q4-7
Added Pin To Net: NetName=CH_5_aux Pin=Q4-8
Added Pin To Net: NetName=PWM_2_in Pin=R20-1
Added Pin To Net: NetName=PWM_3_in Pin=R20_1-1
Added Pin To Net: NetName=PWM_4_in Pin=R20_2-1
Added Pin To Net: NetName=PWM_5_in Pin=R20_3-1
Added Pin To Net: NetName=GND Pin=R21-1
Added Pin To Net: NetName=NetQ1_4 Pin=Q1-4
Added Pin To Net: NetName=NetQ1_4 Pin=R20-2
Added Pin To Net: NetName=NetQ1_4 Pin=R21-2
Added Net: Name=NetQ1_4
Added Pin To Net: NetName=NetQ2_4 Pin=Q2-4
Added Pin To Net: NetName=NetQ2_4 Pin=R20_1-2
Added Pin To Net: NetName=NetQ2_4 Pin=R21_1-2
Added Net: Name=NetQ2_4
Added Pin To Net: NetName=NetQ3_4 Pin=Q3-4
Added Pin To Net: NetName=NetQ3_4 Pin=R20_2-2
Added Pin To Net: NetName=NetQ3_4 Pin=R21_2-2
Added Net: Name=NetQ3_4
Added Pin To Net: NetName=NetQ4_4 Pin=Q4-4
Added Pin To Net: NetName=NetQ4_4 Pin=R20_3-2
Added Pin To Net: NetName=NetQ4_4 Pin=R21_3-2
Added Net: Name=NetQ4_4
Added Member To Class: ClassName=Drivers Member=Component Q1 IRF7401PbF-1
Added Member To Class: ClassName=Drivers Member=Component Q2 IRF7401PbF-1
Added Member To Class: ClassName=Drivers Member=Component Q3 IRF7401PbF-1
Added Member To Class: ClassName=Drivers Member=Component Q4 IRF7401PbF-1
Added Member To Class: ClassName=Drivers Member=Component R20_1 Res3
Added Member To Class: ClassName=Drivers Member=Component R20_2 Res3
Added Member To Class: ClassName=Drivers Member=Component R20_3 Res3
Added Member To Class: ClassName=Drivers Member=Component R20 Res3
Added Member To Class: ClassName=Drivers Member=Component R21_1 Res3
Added Member To Class: ClassName=Drivers Member=Component R21_2 Res3
Added Member To Class: ClassName=Drivers Member=Component R21_3 Res3
Added Member To Class: ClassName=Drivers Member=Component R21 Res3
Change Room Name: Old Name=4 New Name=U_DCDC_stepdown
Change Room Scope: Old Scope=InComponentClass('4') New Scope=InComponentClass('U_DCDC_stepdown')
